Using pre-set license
Built from '2020.3/staging' branch; Version is '2020.3.3f1 (76626098c1c4) revision 7758432'; Using compiler version '192528614'; Build Type 'Release'
OS: 'Windows 10 Pro; OS build 19042.1052; Version 2009; 64bit' Language: 'uk' Physical Memory: 16277 MB
BatchMode: 1, IsHumanControllingUs: 0, StartBugReporterOnCrash: 0, Is64bit: 1, IsPro: 0

 COMMAND LINE ARGUMENTS:
C:\Program Files\Unity\Hub\Editor\2020.3.3f1\Editor\Unity.exe
-adb2
-batchMode
-noUpm
-name
AssetImportWorker0
-projectPath
C:/Users/Адмін/Planets/Planets
-logFile
Logs/AssetImportWorker0.log
-srvPort
60619
Successfully changed project path to: C:/Users/Адмін/Planets/Planets
C:/Users/Адмін/Planets/Planets
Using Asset Import Pipeline V2.
Refreshing native plugins compatible for Editor in 31.67 ms, found 0 plugins.
Preloading 0 native plugins for Editor in 0.00 ms.
Initialize engine version: 2020.3.3f1 (76626098c1c4)
[Subsystems] Discovering subsystems at path C:/Program Files/Unity/Hub/Editor/2020.3.3f1/Editor/Data/Resources/UnitySubsystems
[Subsystems] Discovering subsystems at path C:/Users/Адмін/Planets/Planets/Assets
GfxDevice: creating device client; threaded=0
Direct3D:
    Version:  Direct3D 11.0 [level 11.1]
    Renderer: NVIDIA GeForce GTX 1660 SUPER (ID=0x21c4)
    Vendor:   
    VRAM:     5991 MB
    Driver:   27.21.14.5751
Shader 'Universal Render Pipeline/Particles/Lit': fallback shader 'Universal Render Pipeline/Particles/SimpleLit' not found
Initialize mono
Mono path[0] = 'C:/Program Files/Unity/Hub/Editor/2020.3.3f1/Editor/Data/Managed'
Mono path[1] = 'C:/Program Files/Unity/Hub/Editor/2020.3.3f1/Editor/Data/MonoBleedingEdge/lib/mono/unityjit'
Mono config path = 'C:/Program Files/Unity/Hub/Editor/2020.3.3f1/Editor/Data/MonoBleedingEdge/etc'
Using monoOptions --debugger-agent=transport=dt_socket,embedding=1,server=y,suspend=n,address=127.0.0.1:56452
Begin MonoManager ReloadAssembly
Registering precompiled unity dll's ...
Register platform support module: C:/Program Files/Unity/Hub/Editor/2020.3.3f1/Editor/Data/PlaybackEngines/WindowsStandaloneSupport/UnityEditor.WindowsStandalone.Extensions.dll
Registered in 0.001675 seconds.
Native extension for WindowsStandalone target not found
Refreshing native plugins compatible for Editor in 32.68 ms, found 0 plugins.
Preloading 0 native plugins for Editor in 0.00 ms.
Invoked RoslynAnalysisRunner static constructor.
RoslynAnalysisRunner will not be running.
RoslynAnalysisRunner has terminated.
Mono: successfully reloaded assembly
- Completed reload, in  1.493 seconds
Platform modules already initialized, skipping
Registering precompiled user dll's ...
Registered in 0.001112 seconds.
Begin MonoManager ReloadAssembly
Native extension for WindowsStandalone target not found
Refreshing native plugins compatible for Editor in 33.57 ms, found 0 plugins.
Preloading 0 native plugins for Editor in 0.00 ms.
Invoked RoslynAnalysisRunner static constructor.
RoslynAnalysisRunner will not be running.
RoslynAnalysisRunner has terminated.
Mono: successfully reloaded assembly
- Completed reload, in  0.738 seconds
Platform modules already initialized, skipping
========================================================================
Worker process is ready to serve import requests
Shader 'Universal Render Pipeline/Particles/Lit': fallback shader 'Universal Render Pipeline/Particles/SimpleLit' not found
Launched and connected shader compiler UnityShaderCompiler.exe after 0.03 seconds
Refreshing native plugins compatible for Editor in 0.33 ms, found 0 plugins.
Preloading 0 native plugins for Editor in 0.00 ms.
Unloading 2307 Unused Serialized files (Serialized files now loaded: 0)
System memory in use before: 107.2 MB.
System memory in use after: 107.1 MB.

Unloading 13 unused Assets to reduce memory usage. Loaded Objects now: 2750.
Total: 2.105200 ms (FindLiveObjects: 0.286300 ms CreateObjectMapping: 0.224900 ms MarkObjects: 1.416400 ms  DeleteObjects: 0.176900 ms)

========================================================================
Received Import Request.
  path: Assets/Models/fire_planet_1.fbx
  artifactKey: Guid(a24bb74b81f92af409b316384d21cac2) Importer(815301076,1909f56bfc062723c751e8b465ee728b)
Start importing Assets/Models/fire_planet_1.fbx using Guid(a24bb74b81f92af409b316384d21cac2) Importer(815301076,1909f56bfc062723c751e8b465ee728b)  -> (artifact id: '3ab6c6691a75008d394b1b3166bef61a') in 0.226639 seconds
  Import took 0.229816 seconds .

========================================================================
Received Import Request.
  Time since last request: 0.000257 seconds.
  path: Assets/Models/small_ice_planet_1.fbx
  artifactKey: Guid(7ac1464d70c0509408c3f522a697c01e) Importer(815301076,1909f56bfc062723c751e8b465ee728b)
Start importing Assets/Models/small_ice_planet_1.fbx using Guid(7ac1464d70c0509408c3f522a697c01e) Importer(815301076,1909f56bfc062723c751e8b465ee728b)  -> (artifact id: 'bce92453da26651961c0ef0050ebebb7') in 0.026061 seconds
  Import took 0.028822 seconds .

========================================================================
Received Import Request.
  Time since last request: 0.000211 seconds.
  path: Assets/Models/small_fire_planet_1.fbx
  artifactKey: Guid(5273197af159ee145a51cc316da48db7) Importer(815301076,1909f56bfc062723c751e8b465ee728b)
Start importing Assets/Models/small_fire_planet_1.fbx using Guid(5273197af159ee145a51cc316da48db7) Importer(815301076,1909f56bfc062723c751e8b465ee728b)  -> (artifact id: '9ddf9cd1ac4463d437b519ff74756c4d') in 0.022669 seconds
  Import took 0.025937 seconds .

========================================================================
Received Import Request.
  Time since last request: 38.208900 seconds.
  path: Assets/Prefabs/SmallFirePlanet.prefab
  artifactKey: Guid(63202b18b1b36ed429f95e403a2c9e7f) Importer(815301076,1909f56bfc062723c751e8b465ee728b)
Start importing Assets/Prefabs/SmallFirePlanet.prefab using Guid(63202b18b1b36ed429f95e403a2c9e7f) Importer(815301076,1909f56bfc062723c751e8b465ee728b)  -> (artifact id: '71b39f2c58816d56c9a82da78c7b2024') in 0.009827 seconds
  Import took 0.013039 seconds .

========================================================================
Received Import Request.
  Time since last request: 0.000259 seconds.
  path: Assets/Prefabs/SmallICePlanet.prefab
  artifactKey: Guid(d389c31f681434041b7fdc970428b06b) Importer(815301076,1909f56bfc062723c751e8b465ee728b)
Start importing Assets/Prefabs/SmallICePlanet.prefab using Guid(d389c31f681434041b7fdc970428b06b) Importer(815301076,1909f56bfc062723c751e8b465ee728b)  -> (artifact id: 'fe0105e5365f5726faea2bd81654a033') in 0.007094 seconds
  Import took 0.010091 seconds .

========================================================================
Received Prepare
Registering precompiled user dll's ...
Registered in 0.001342 seconds.
Begin MonoManager ReloadAssembly
Native extension for WindowsStandalone target not found
Refreshing native plugins compatible for Editor in 0.35 ms, found 0 plugins.
Preloading 0 native plugins for Editor in 0.00 ms.
Invoked RoslynAnalysisRunner static constructor.
RoslynAnalysisRunner will not be running.
RoslynAnalysisRunner has terminated.
Mono: successfully reloaded assembly
- Completed reload, in  0.729 seconds
Platform modules already initialized, skipping
Shader 'Universal Render Pipeline/Particles/Lit': fallback shader 'Universal Render Pipeline/Particles/SimpleLit' not found
Refreshing native plugins compatible for Editor in 0.34 ms, found 0 plugins.
Preloading 0 native plugins for Editor in 0.00 ms.
Unloading 2209 Unused Serialized files (Serialized files now loaded: 0)
System memory in use before: 106.9 MB.
System memory in use after: 106.8 MB.

Unloading 8 unused Assets to reduce memory usage. Loaded Objects now: 2834.
Total: 1.987800 ms (FindLiveObjects: 0.244400 ms CreateObjectMapping: 0.088000 ms MarkObjects: 1.524200 ms  DeleteObjects: 0.130300 ms)

========================================================================
Received Import Request.
  Time since last request: 43.405897 seconds.
  path: Assets/Particles/fire_explosion.prefab
  artifactKey: Guid(098fa5a4b3c06284386b7cb828bddddd) Importer(815301076,1909f56bfc062723c751e8b465ee728b)
Start importing Assets/Particles/fire_explosion.prefab using Guid(098fa5a4b3c06284386b7cb828bddddd) Importer(815301076,1909f56bfc062723c751e8b465ee728b)  -> (artifact id: '6d16b17f7afa3b119dd26b5e77063037') in 0.021836 seconds
  Import took 0.025021 seconds .

========================================================================
Received Import Request.
  Time since last request: 4.956951 seconds.
  path: Assets/Settings/ForwardRenderer.asset
  artifactKey: Guid(4a8e21d5c33334b11b34a596161b9360) Importer(815301076,1909f56bfc062723c751e8b465ee728b)
Start importing Assets/Settings/ForwardRenderer.asset using Guid(4a8e21d5c33334b11b34a596161b9360) Importer(815301076,1909f56bfc062723c751e8b465ee728b)  -> (artifact id: 'a783e924efe8d65b720926c6e7c8a035') in 0.003519 seconds
  Import took 0.006633 seconds .

========================================================================
Received Import Request.
  Time since last request: 0.979714 seconds.
  path: Assets/UI/best_time_icon.png
  artifactKey: Guid(a2fa4912d918d9141856f4d1eb8fca48) Importer(815301076,1909f56bfc062723c751e8b465ee728b)
Start importing Assets/UI/best_time_icon.png using Guid(a2fa4912d918d9141856f4d1eb8fca48) Importer(815301076,1909f56bfc062723c751e8b465ee728b)  -> (artifact id: '790a5da274857918e9d2f2b075c3f2b4') in 0.035569 seconds
  Import took 0.038866 seconds .

========================================================================
Received Import Request.
  Time since last request: 0.000200 seconds.
  path: Assets/UI/pause_text.png
  artifactKey: Guid(5d0742d81a35dfb41aa760a4f5d8f028) Importer(815301076,1909f56bfc062723c751e8b465ee728b)
Start importing Assets/UI/pause_text.png using Guid(5d0742d81a35dfb41aa760a4f5d8f028) Importer(815301076,1909f56bfc062723c751e8b465ee728b)  -> (artifact id: '52176c51aac8d23389000841c44e0441') in 0.008916 seconds
  Import took 0.011770 seconds .

========================================================================
Received Import Request.
  Time since last request: 0.000175 seconds.
  path: Assets/UI/game_over_text.png
  artifactKey: Guid(f4888980d2cf89d4d9ff184439ee4f50) Importer(815301076,1909f56bfc062723c751e8b465ee728b)
Start importing Assets/UI/game_over_text.png using Guid(f4888980d2cf89d4d9ff184439ee4f50) Importer(815301076,1909f56bfc062723c751e8b465ee728b)  -> (artifact id: 'c2c99a20b1a4a7fb443b140b615606b9') in 0.064541 seconds
  Import took 0.067296 seconds .

========================================================================
Received Import Request.
  Time since last request: 0.000260 seconds.
  path: Assets/UI/sound_off_icon.png
  artifactKey: Guid(1db913e31e54ce34b846a339e349555f) Importer(815301076,1909f56bfc062723c751e8b465ee728b)
Start importing Assets/UI/sound_off_icon.png using Guid(1db913e31e54ce34b846a339e349555f) Importer(815301076,1909f56bfc062723c751e8b465ee728b)  -> (artifact id: 'c4f82d8da70408824804d91e378b2125') in 0.041446 seconds
  Import took 0.044381 seconds .

========================================================================
Received Import Request.
  Time since last request: 0.000226 seconds.
  path: Assets/UI/tap_to_play_text.png
  artifactKey: Guid(09a614106a1a55f4a8237aa553824776) Importer(815301076,1909f56bfc062723c751e8b465ee728b)
Start importing Assets/UI/tap_to_play_text.png using Guid(09a614106a1a55f4a8237aa553824776) Importer(815301076,1909f56bfc062723c751e8b465ee728b)  -> (artifact id: '29dbeeb84f28bbacab80be44850c7491') in 0.038006 seconds
  Import took 0.040866 seconds .

========================================================================
Received Import Request.
  Time since last request: 0.000251 seconds.
  path: Assets/UI/cosmic.ttf
  artifactKey: Guid(e23eb5e6cc7eac84ea0d347a68592adf) Importer(815301076,1909f56bfc062723c751e8b465ee728b)
Start importing Assets/UI/cosmic.ttf using Guid(e23eb5e6cc7eac84ea0d347a68592adf) Importer(815301076,1909f56bfc062723c751e8b465ee728b)  -> (artifact id: '4e047b2fb504418a86f8759b69d1d8df') in 0.107662 seconds
  Import took 0.110516 seconds .

========================================================================
Received Import Request.
  Time since last request: 0.000286 seconds.
  path: Assets/UI/planets_text.png
  artifactKey: Guid(9467aeb423526db4db6c77df98ec6608) Importer(815301076,1909f56bfc062723c751e8b465ee728b)
Start importing Assets/UI/planets_text.png using Guid(9467aeb423526db4db6c77df98ec6608) Importer(815301076,1909f56bfc062723c751e8b465ee728b)  -> (artifact id: 'cca5013cdc81cc769022a35e2de844dd') in 0.011963 seconds
  Import took 0.014726 seconds .

========================================================================
Received Import Request.
  Time since last request: 0.000250 seconds.
  path: Assets/UI/ice_icon.png
  artifactKey: Guid(21dbc7e353dd7774584f5e2d8d4fcd79) Importer(815301076,1909f56bfc062723c751e8b465ee728b)
Start importing Assets/UI/ice_icon.png using Guid(21dbc7e353dd7774584f5e2d8d4fcd79) Importer(815301076,1909f56bfc062723c751e8b465ee728b)  -> (artifact id: 'fbe76598f201de3a37c22e7a936b0c64') in 0.023896 seconds
  Import took 0.026768 seconds .

========================================================================
Received Import Request.
  Time since last request: 0.000254 seconds.
  path: Assets/UI/restart_icon.png
  artifactKey: Guid(b7425fcb0b410144783556fb672f8e60) Importer(815301076,1909f56bfc062723c751e8b465ee728b)
Start importing Assets/UI/restart_icon.png using Guid(b7425fcb0b410144783556fb672f8e60) Importer(815301076,1909f56bfc062723c751e8b465ee728b)  -> (artifact id: '0eedadb186d6cd334ec409908c282712') in 0.018270 seconds
  Import took 0.021147 seconds .

========================================================================
Received Import Request.
  Time since last request: 0.000249 seconds.
  path: Assets/UI/fire_bar.png
  artifactKey: Guid(f0c7fd8e19994be4cb9f1c65a6ecc197) Importer(815301076,1909f56bfc062723c751e8b465ee728b)
Start importing Assets/UI/fire_bar.png using Guid(f0c7fd8e19994be4cb9f1c65a6ecc197) Importer(815301076,1909f56bfc062723c751e8b465ee728b)  -> (artifact id: 'b59a58f0a83346ab51e411b955b04b11') in 0.023408 seconds
  Import took 0.026249 seconds .

========================================================================
Received Import Request.
  Time since last request: 0.000260 seconds.
  path: Assets/UI/tap_icon.png
  artifactKey: Guid(9cba006d3abc28d46bbefa2a4fadcae0) Importer(815301076,1909f56bfc062723c751e8b465ee728b)
Start importing Assets/UI/tap_icon.png using Guid(9cba006d3abc28d46bbefa2a4fadcae0) Importer(815301076,1909f56bfc062723c751e8b465ee728b)  -> (artifact id: '9c20f585a362d5746456e52ca06f2964') in 0.030787 seconds
  Import took 0.033606 seconds .

========================================================================
Received Import Request.
  Time since last request: 0.000234 seconds.
  path: Assets/UI/ice_bar.png
  artifactKey: Guid(1fae64598127a754e91ab4c723be3e16) Importer(815301076,1909f56bfc062723c751e8b465ee728b)
Start importing Assets/UI/ice_bar.png using Guid(1fae64598127a754e91ab4c723be3e16) Importer(815301076,1909f56bfc062723c751e8b465ee728b)  -> (artifact id: 'cafdb1ef9f496ef58b77c00741f0937b') in 0.024238 seconds
  Import took 0.027129 seconds .

========================================================================
Received Import Request.
  Time since last request: 0.000252 seconds.
  path: Assets/UI/sound_on_icon.png
  artifactKey: Guid(92bfcf53ba41d094daec34ebc92f55f5) Importer(815301076,1909f56bfc062723c751e8b465ee728b)
Start importing Assets/UI/sound_on_icon.png using Guid(92bfcf53ba41d094daec34ebc92f55f5) Importer(815301076,1909f56bfc062723c751e8b465ee728b)  -> (artifact id: 'a68154e5965243ea39456e6b5b884eac') in 0.027194 seconds
  Import took 0.030083 seconds .

========================================================================
Received Import Request.
  Time since last request: 0.000224 seconds.
  path: Assets/UI/time_icon.png
  artifactKey: Guid(41af4f4e51c888549b69fe746437b198) Importer(815301076,1909f56bfc062723c751e8b465ee728b)
Start importing Assets/UI/time_icon.png using Guid(41af4f4e51c888549b69fe746437b198) Importer(815301076,1909f56bfc062723c751e8b465ee728b)  -> (artifact id: '2d4abfacb4bcf8223ab272de26ea383c') in 0.016102 seconds
  Import took 0.018898 seconds .

========================================================================
Received Import Request.
  Time since last request: 0.000199 seconds.
  path: Assets/UI/menu_icon.png
  artifactKey: Guid(09cbd0716f6ad2441bd1dbe17b479c26) Importer(815301076,1909f56bfc062723c751e8b465ee728b)
Start importing Assets/UI/menu_icon.png using Guid(09cbd0716f6ad2441bd1dbe17b479c26) Importer(815301076,1909f56bfc062723c751e8b465ee728b)  -> (artifact id: '556237e999dbb8b77ca5100da5016285') in 0.024162 seconds
  Import took 0.026951 seconds .

========================================================================
Received Import Request.
  Time since last request: 0.000199 seconds.
  path: Assets/UI/fire_icon.png
  artifactKey: Guid(c8b256ce76f63fe4cb73f55f7477159e) Importer(815301076,1909f56bfc062723c751e8b465ee728b)
Start importing Assets/UI/fire_icon.png using Guid(c8b256ce76f63fe4cb73f55f7477159e) Importer(815301076,1909f56bfc062723c751e8b465ee728b)  -> (artifact id: '37d0194013f5a1f86902d61cc9f007c6') in 0.018869 seconds
  Import took 0.021707 seconds .

========================================================================
Received Import Request.
  Time since last request: 0.000259 seconds.
  path: Assets/UI/play_icon.png
  artifactKey: Guid(9c141a90ba5d1774f95757f3dfd9da6b) Importer(815301076,1909f56bfc062723c751e8b465ee728b)
Start importing Assets/UI/play_icon.png using Guid(9c141a90ba5d1774f95757f3dfd9da6b) Importer(815301076,1909f56bfc062723c751e8b465ee728b)  -> (artifact id: 'ac62cd8d2143ce917fdb8d3a339e0dd3') in 0.030344 seconds
  Import took 0.033304 seconds .

========================================================================
Received Import Request.
  Time since last request: 0.000268 seconds.
  path: Assets/UI/pause_icon.png
  artifactKey: Guid(ee69e9764f7419e479a0948e891839b0) Importer(815301076,1909f56bfc062723c751e8b465ee728b)
Start importing Assets/UI/pause_icon.png using Guid(ee69e9764f7419e479a0948e891839b0) Importer(815301076,1909f56bfc062723c751e8b465ee728b)  -> (artifact id: '0d18840e6286eff2815257a522a05067') in 0.006987 seconds
  Import took 0.009957 seconds .

========================================================================
Received Prepare
Registering precompiled user dll's ...
Registered in 0.001362 seconds.
Begin MonoManager ReloadAssembly
Native extension for WindowsStandalone target not found
Refreshing native plugins compatible for Editor in 0.37 ms, found 0 plugins.
Preloading 0 native plugins for Editor in 0.00 ms.
Invoked RoslynAnalysisRunner static constructor.
RoslynAnalysisRunner will not be running.
RoslynAnalysisRunner has terminated.
Mono: successfully reloaded assembly
- Completed reload, in  0.717 seconds
Platform modules already initialized, skipping
Shader 'Universal Render Pipeline/Particles/Lit': fallback shader 'Universal Render Pipeline/Particles/SimpleLit' not found
Refreshing native plugins compatible for Editor in 0.34 ms, found 0 plugins.
Preloading 0 native plugins for Editor in 0.00 ms.
Unloading 2209 Unused Serialized files (Serialized files now loaded: 0)
System memory in use before: 107.2 MB.
System memory in use after: 107.1 MB.

Unloading 8 unused Assets to reduce memory usage. Loaded Objects now: 2889.
Total: 2.078400 ms (FindLiveObjects: 0.265400 ms CreateObjectMapping: 0.093400 ms MarkObjects: 1.582300 ms  DeleteObjects: 0.136200 ms)

========================================================================
Received Import Request.
  Time since last request: 35.060172 seconds.
  path: Assets/Scripts/LittlePlanet/LittlePlanet.cs
  artifactKey: Guid(a45b1813a111ea24eb7e638fe2342351) Importer(815301076,1909f56bfc062723c751e8b465ee728b)
Start importing Assets/Scripts/LittlePlanet/LittlePlanet.cs using Guid(a45b1813a111ea24eb7e638fe2342351) Importer(815301076,1909f56bfc062723c751e8b465ee728b)  -> (artifact id: 'd35a96131e8d03d1ebee60934977a1f6') in 0.007952 seconds
  Import took 0.011406 seconds .

========================================================================
Received Import Request.
  Time since last request: 0.000884 seconds.
  path: Assets/Scripts/LittlePlanet/LittlePlanet.cs
  artifactKey: Guid(a45b1813a111ea24eb7e638fe2342351) Importer(815301076,1909f56bfc062723c751e8b465ee728b)
Start importing Assets/Scripts/LittlePlanet/LittlePlanet.cs using Guid(a45b1813a111ea24eb7e638fe2342351) Importer(815301076,1909f56bfc062723c751e8b465ee728b)  -> (artifact id: 'd35a96131e8d03d1ebee60934977a1f6') in 0.001970 seconds
  Import took 0.006359 seconds .

