Using pre-set license
Built from '2020.3/staging' branch; Version is '2020.3.3f1 (76626098c1c4) revision 7758432'; Using compiler version '192528614'; Build Type 'Release'
OS: 'Windows 10 Pro; OS build 19042.1052; Version 2009; 64bit' Language: 'uk' Physical Memory: 16277 MB
BatchMode: 1, IsHumanControllingUs: 0, StartBugReporterOnCrash: 0, Is64bit: 1, IsPro: 0

 COMMAND LINE ARGUMENTS:
C:\Program Files\Unity\Hub\Editor\2020.3.3f1\Editor\Unity.exe
-adb2
-batchMode
-noUpm
-name
AssetImportWorker0
-projectPath
C:/Users/Адмін/Planets/Planets
-logFile
Logs/AssetImportWorker0.log
-srvPort
54331
Successfully changed project path to: C:/Users/Адмін/Planets/Planets
C:/Users/Адмін/Planets/Planets
Using Asset Import Pipeline V2.
Refreshing native plugins compatible for Editor in 34.08 ms, found 0 plugins.
Preloading 0 native plugins for Editor in 0.00 ms.
Initialize engine version: 2020.3.3f1 (76626098c1c4)
[Subsystems] Discovering subsystems at path C:/Program Files/Unity/Hub/Editor/2020.3.3f1/Editor/Data/Resources/UnitySubsystems
[Subsystems] Discovering subsystems at path C:/Users/Адмін/Planets/Planets/Assets
GfxDevice: creating device client; threaded=0
Direct3D:
    Version:  Direct3D 11.0 [level 11.1]
    Renderer: NVIDIA GeForce GTX 1660 SUPER (ID=0x21c4)
    Vendor:   
    VRAM:     5991 MB
    Driver:   27.21.14.5751
Initialize mono
Mono path[0] = 'C:/Program Files/Unity/Hub/Editor/2020.3.3f1/Editor/Data/Managed'
Mono path[1] = 'C:/Program Files/Unity/Hub/Editor/2020.3.3f1/Editor/Data/MonoBleedingEdge/lib/mono/unityjit'
Mono config path = 'C:/Program Files/Unity/Hub/Editor/2020.3.3f1/Editor/Data/MonoBleedingEdge/etc'
Using monoOptions --debugger-agent=transport=dt_socket,embedding=1,server=y,suspend=n,address=127.0.0.1:56956
Begin MonoManager ReloadAssembly
Registering precompiled unity dll's ...
Register platform support module: C:/Program Files/Unity/Hub/Editor/2020.3.3f1/Editor/Data/PlaybackEngines/WindowsStandaloneSupport/UnityEditor.WindowsStandalone.Extensions.dll
Registered in 0.001906 seconds.
Native extension for WindowsStandalone target not found
Refreshing native plugins compatible for Editor in 34.03 ms, found 0 plugins.
Preloading 0 native plugins for Editor in 0.00 ms.
Invoked RoslynAnalysisRunner static constructor.
RoslynAnalysisRunner will not be running.
RoslynAnalysisRunner has terminated.
Mono: successfully reloaded assembly
- Completed reload, in  1.624 seconds
Platform modules already initialized, skipping
Registering precompiled user dll's ...
Registered in 0.001381 seconds.
Begin MonoManager ReloadAssembly
Native extension for WindowsStandalone target not found
Refreshing native plugins compatible for Editor in 35.26 ms, found 0 plugins.
Preloading 0 native plugins for Editor in 0.00 ms.
Invoked RoslynAnalysisRunner static constructor.
RoslynAnalysisRunner will not be running.
RoslynAnalysisRunner has terminated.
Mono: successfully reloaded assembly
- Completed reload, in  0.778 seconds
Platform modules already initialized, skipping
========================================================================
Worker process is ready to serve import requests
Shader 'Universal Render Pipeline/Particles/Lit': fallback shader 'Universal Render Pipeline/Particles/SimpleLit' not found
Shader 'Universal Render Pipeline/Particles/Lit': fallback shader 'Universal Render Pipeline/Particles/SimpleLit' not found
Launched and connected shader compiler UnityShaderCompiler.exe after 0.03 seconds
Refreshing native plugins compatible for Editor in 0.37 ms, found 0 plugins.
Preloading 0 native plugins for Editor in 0.00 ms.
Unloading 2424 Unused Serialized files (Serialized files now loaded: 0)
System memory in use before: 113.8 MB.
System memory in use after: 111.3 MB.

Unloading 45 unused Assets to reduce memory usage. Loaded Objects now: 2834.
Total: 3.214500 ms (FindLiveObjects: 0.448700 ms CreateObjectMapping: 0.165500 ms MarkObjects: 1.441300 ms  DeleteObjects: 1.158000 ms)

========================================================================
Received Import Request.
  path: Assets/Scripts/Planet.cs
  artifactKey: Guid(d0756abea6b30d14aae80f1149703995) Importer(815301076,1909f56bfc062723c751e8b465ee728b)
Start importing Assets/Scripts/Planet.cs using Guid(d0756abea6b30d14aae80f1149703995) Importer(815301076,1909f56bfc062723c751e8b465ee728b)  -> (artifact id: 'e0c767f34091336676c7ac01653a9606') in 0.035411 seconds
  Import took 0.038581 seconds .

========================================================================
Received Prepare
Shader 'Universal Render Pipeline/Particles/Lit': fallback shader 'Universal Render Pipeline/Particles/SimpleLit' not found
Shader 'Universal Render Pipeline/Particles/Lit': fallback shader 'Universal Render Pipeline/Particles/SimpleLit' not found
Refreshing native plugins compatible for Editor in 1.04 ms, found 0 plugins.
Preloading 0 native plugins for Editor in 0.00 ms.
Unloading 38 Unused Serialized files (Serialized files now loaded: 0)
System memory in use before: 64.5 MB.
System memory in use after: 61.9 MB.

Unloading 38 unused Assets to reduce memory usage. Loaded Objects now: 2834.
Total: 3.625700 ms (FindLiveObjects: 0.304300 ms CreateObjectMapping: 0.121100 ms MarkObjects: 2.011400 ms  DeleteObjects: 1.188100 ms)

========================================================================
Received Import Request.
  Time since last request: 747.477067 seconds.
  path: Assets/Scripts/UI.cs
  artifactKey: Guid(69f15f24c85d0a84a8bf9b791794ddf9) Importer(815301076,1909f56bfc062723c751e8b465ee728b)
Start importing Assets/Scripts/UI.cs using Guid(69f15f24c85d0a84a8bf9b791794ddf9) Importer(815301076,1909f56bfc062723c751e8b465ee728b)  -> (artifact id: '681139d07745317f37845124bc885bbc') in 0.002303 seconds
  Import took 0.006050 seconds .

========================================================================
Received Prepare
Registering precompiled user dll's ...
Registered in 0.001123 seconds.
Begin MonoManager ReloadAssembly
Native extension for WindowsStandalone target not found
Refreshing native plugins compatible for Editor in 0.34 ms, found 0 plugins.
Preloading 0 native plugins for Editor in 0.00 ms.
Invoked RoslynAnalysisRunner static constructor.
RoslynAnalysisRunner will not be running.
RoslynAnalysisRunner has terminated.
Mono: successfully reloaded assembly
- Completed reload, in  0.703 seconds
Platform modules already initialized, skipping
Shader 'Universal Render Pipeline/Particles/Lit': fallback shader 'Universal Render Pipeline/Particles/SimpleLit' not found
Shader 'Universal Render Pipeline/Particles/Lit': fallback shader 'Universal Render Pipeline/Particles/SimpleLit' not found
Refreshing native plugins compatible for Editor in 0.34 ms, found 0 plugins.
Preloading 0 native plugins for Editor in 0.00 ms.
Unloading 2351 Unused Serialized files (Serialized files now loaded: 0)
System memory in use before: 110.4 MB.
System memory in use after: 107.9 MB.

Unloading 40 unused Assets to reduce memory usage. Loaded Objects now: 2838.
Total: 2.679300 ms (FindLiveObjects: 0.211300 ms CreateObjectMapping: 0.091400 ms MarkObjects: 1.311400 ms  DeleteObjects: 1.064400 ms)

========================================================================
Received Prepare
Registering precompiled user dll's ...
Registered in 0.001192 seconds.
Begin MonoManager ReloadAssembly
Native extension for WindowsStandalone target not found
Refreshing native plugins compatible for Editor in 0.34 ms, found 0 plugins.
Preloading 0 native plugins for Editor in 0.00 ms.
Invoked RoslynAnalysisRunner static constructor.
RoslynAnalysisRunner will not be running.
RoslynAnalysisRunner has terminated.
Mono: successfully reloaded assembly
- Completed reload, in  0.717 seconds
Platform modules already initialized, skipping
Shader 'Universal Render Pipeline/Particles/Lit': fallback shader 'Universal Render Pipeline/Particles/SimpleLit' not found
Shader 'Universal Render Pipeline/Particles/Lit': fallback shader 'Universal Render Pipeline/Particles/SimpleLit' not found
Refreshing native plugins compatible for Editor in 0.35 ms, found 0 plugins.
Preloading 0 native plugins for Editor in 0.00 ms.
Unloading 2350 Unused Serialized files (Serialized files now loaded: 0)
System memory in use before: 110.4 MB.
System memory in use after: 107.9 MB.

Unloading 41 unused Assets to reduce memory usage. Loaded Objects now: 2840.
Total: 2.879800 ms (FindLiveObjects: 0.229700 ms CreateObjectMapping: 0.096700 ms MarkObjects: 1.308800 ms  DeleteObjects: 1.243300 ms)

========================================================================
Received Import Request.
  Time since last request: 15.011315 seconds.
  path: Assets/Scripts/UI
  artifactKey: Guid(ec7639bb117856746a4788772fb80b10) Importer(815301076,1909f56bfc062723c751e8b465ee728b)
Start importing Assets/Scripts/UI using Guid(ec7639bb117856746a4788772fb80b10) Importer(815301076,1909f56bfc062723c751e8b465ee728b)  -> (artifact id: '7c0925ad434002f31f2a0412b4c59ecd') in 0.004337 seconds
  Import took 0.007641 seconds .

========================================================================
Received Import Request.
  Time since last request: 31.912244 seconds.
  path: Assets/Scripts/UI/TemperatureProgressBar.cs
  artifactKey: Guid(00e6a7e62f8b56b40ad1e5dcae80850c) Importer(815301076,1909f56bfc062723c751e8b465ee728b)
Start importing Assets/Scripts/UI/TemperatureProgressBar.cs using Guid(00e6a7e62f8b56b40ad1e5dcae80850c) Importer(815301076,1909f56bfc062723c751e8b465ee728b)  -> (artifact id: '475bc512536fd1c3048a81aed65de46b') in 0.001863 seconds
  Import took 0.005101 seconds .

========================================================================
Received Import Request.
  Time since last request: 0.000681 seconds.
  path: Assets/Scripts/UI/TemperatureProgressBar.cs
  artifactKey: Guid(00e6a7e62f8b56b40ad1e5dcae80850c) Importer(815301076,1909f56bfc062723c751e8b465ee728b)
Start importing Assets/Scripts/UI/TemperatureProgressBar.cs using Guid(00e6a7e62f8b56b40ad1e5dcae80850c) Importer(815301076,1909f56bfc062723c751e8b465ee728b)  -> (artifact id: '475bc512536fd1c3048a81aed65de46b') in 0.001899 seconds
  Import took 0.004923 seconds .

========================================================================
Received Prepare
Registering precompiled user dll's ...
Registered in 0.001099 seconds.
Begin MonoManager ReloadAssembly
Native extension for WindowsStandalone target not found
Refreshing native plugins compatible for Editor in 0.35 ms, found 0 plugins.
Preloading 0 native plugins for Editor in 0.00 ms.
Invoked RoslynAnalysisRunner static constructor.
RoslynAnalysisRunner will not be running.
RoslynAnalysisRunner has terminated.
Mono: successfully reloaded assembly
- Completed reload, in  0.696 seconds
Platform modules already initialized, skipping
Shader 'Universal Render Pipeline/Particles/Lit': fallback shader 'Universal Render Pipeline/Particles/SimpleLit' not found
Shader 'Universal Render Pipeline/Particles/Lit': fallback shader 'Universal Render Pipeline/Particles/SimpleLit' not found
Refreshing native plugins compatible for Editor in 0.35 ms, found 0 plugins.
Preloading 0 native plugins for Editor in 0.00 ms.
Unloading 2351 Unused Serialized files (Serialized files now loaded: 0)
System memory in use before: 110.5 MB.
System memory in use after: 108.0 MB.

Unloading 40 unused Assets to reduce memory usage. Loaded Objects now: 2844.
Total: 3.306200 ms (FindLiveObjects: 0.320700 ms CreateObjectMapping: 0.129400 ms MarkObjects: 1.694500 ms  DeleteObjects: 1.161100 ms)

========================================================================
Received Import Request.
  Time since last request: 897.951304 seconds.
  path: Assets/Scripts/UI/TemperatureProgressBar.cs
  artifactKey: Guid(00e6a7e62f8b56b40ad1e5dcae80850c) Importer(815301076,1909f56bfc062723c751e8b465ee728b)
Start importing Assets/Scripts/UI/TemperatureProgressBar.cs using Guid(00e6a7e62f8b56b40ad1e5dcae80850c) Importer(815301076,1909f56bfc062723c751e8b465ee728b)  -> (artifact id: 'a106792b6d2420d49f6020793b46aff3') in 0.004619 seconds
  Import took 0.007748 seconds .

========================================================================
Received Prepare
Registering precompiled user dll's ...
Registered in 0.001179 seconds.
Begin MonoManager ReloadAssembly
Native extension for WindowsStandalone target not found
Refreshing native plugins compatible for Editor in 0.34 ms, found 0 plugins.
Preloading 0 native plugins for Editor in 0.00 ms.
Invoked RoslynAnalysisRunner static constructor.
RoslynAnalysisRunner will not be running.
RoslynAnalysisRunner has terminated.
Mono: successfully reloaded assembly
- Completed reload, in  0.671 seconds
Platform modules already initialized, skipping
Shader 'Universal Render Pipeline/Particles/Lit': fallback shader 'Universal Render Pipeline/Particles/SimpleLit' not found
Shader 'Universal Render Pipeline/Particles/Lit': fallback shader 'Universal Render Pipeline/Particles/SimpleLit' not found
Refreshing native plugins compatible for Editor in 0.35 ms, found 0 plugins.
Preloading 0 native plugins for Editor in 0.00 ms.
Unloading 2351 Unused Serialized files (Serialized files now loaded: 0)
System memory in use before: 110.4 MB.
System memory in use after: 108.0 MB.

Unloading 40 unused Assets to reduce memory usage. Loaded Objects now: 2847.
Total: 3.012100 ms (FindLiveObjects: 0.215000 ms CreateObjectMapping: 0.100600 ms MarkObjects: 1.541100 ms  DeleteObjects: 1.154600 ms)

========================================================================
Received Import Request.
  Time since last request: 18.479634 seconds.
  path: Assets/Scripts/UI/TemperatureProgressBar.cs
  artifactKey: Guid(00e6a7e62f8b56b40ad1e5dcae80850c) Importer(815301076,1909f56bfc062723c751e8b465ee728b)
Start importing Assets/Scripts/UI/TemperatureProgressBar.cs using Guid(00e6a7e62f8b56b40ad1e5dcae80850c) Importer(815301076,1909f56bfc062723c751e8b465ee728b)  -> (artifact id: '2292e2ca389938f85462780a64fa9f56') in 0.004222 seconds
  Import took 0.006869 seconds .

========================================================================
Received Prepare
Registering precompiled user dll's ...
Registered in 0.001183 seconds.
Begin MonoManager ReloadAssembly
Native extension for WindowsStandalone target not found
Refreshing native plugins compatible for Editor in 0.35 ms, found 0 plugins.
Preloading 0 native plugins for Editor in 0.00 ms.
Invoked RoslynAnalysisRunner static constructor.
RoslynAnalysisRunner will not be running.
RoslynAnalysisRunner has terminated.
Mono: successfully reloaded assembly
- Completed reload, in  0.664 seconds
Platform modules already initialized, skipping
Shader 'Universal Render Pipeline/Particles/Lit': fallback shader 'Universal Render Pipeline/Particles/SimpleLit' not found
Shader 'Universal Render Pipeline/Particles/Lit': fallback shader 'Universal Render Pipeline/Particles/SimpleLit' not found
Refreshing native plugins compatible for Editor in 0.34 ms, found 0 plugins.
Preloading 0 native plugins for Editor in 0.00 ms.
Unloading 2351 Unused Serialized files (Serialized files now loaded: 0)
System memory in use before: 110.4 MB.
System memory in use after: 107.9 MB.

Unloading 40 unused Assets to reduce memory usage. Loaded Objects now: 2850.
Total: 3.340300 ms (FindLiveObjects: 0.264100 ms CreateObjectMapping: 0.121000 ms MarkObjects: 1.647700 ms  DeleteObjects: 1.306900 ms)

========================================================================
Received Prepare
Registering precompiled user dll's ...
Registered in 0.001217 seconds.
Begin MonoManager ReloadAssembly
Native extension for WindowsStandalone target not found
Refreshing native plugins compatible for Editor in 0.35 ms, found 0 plugins.
Preloading 0 native plugins for Editor in 0.00 ms.
Invoked RoslynAnalysisRunner static constructor.
RoslynAnalysisRunner will not be running.
RoslynAnalysisRunner has terminated.
Mono: successfully reloaded assembly
- Completed reload, in  0.653 seconds
Platform modules already initialized, skipping
Shader 'Universal Render Pipeline/Particles/Lit': fallback shader 'Universal Render Pipeline/Particles/SimpleLit' not found
Shader 'Universal Render Pipeline/Particles/Lit': fallback shader 'Universal Render Pipeline/Particles/SimpleLit' not found
Refreshing native plugins compatible for Editor in 0.36 ms, found 0 plugins.
Preloading 0 native plugins for Editor in 0.00 ms.
Unloading 2351 Unused Serialized files (Serialized files now loaded: 0)
System memory in use before: 110.5 MB.
System memory in use after: 108.0 MB.

Unloading 40 unused Assets to reduce memory usage. Loaded Objects now: 2853.
Total: 3.952900 ms (FindLiveObjects: 0.572800 ms CreateObjectMapping: 0.242700 ms MarkObjects: 1.705500 ms  DeleteObjects: 1.430900 ms)

========================================================================
Received Import Request.
  Time since last request: 583.152194 seconds.
  path: Assets/Scripts/UI/TemperatureProgressBar.cs
  artifactKey: Guid(00e6a7e62f8b56b40ad1e5dcae80850c) Importer(815301076,1909f56bfc062723c751e8b465ee728b)
Start importing Assets/Scripts/UI/TemperatureProgressBar.cs using Guid(00e6a7e62f8b56b40ad1e5dcae80850c) Importer(815301076,1909f56bfc062723c751e8b465ee728b)  -> (artifact id: '9218d449655f434e82dc83226524cc14') in 0.003999 seconds
  Import took 0.006968 seconds .

========================================================================
Received Import Request.
  Time since last request: 223.937410 seconds.
  path: Assets/UI/fire_bar.png
  artifactKey: Guid(f0c7fd8e19994be4cb9f1c65a6ecc197) Importer(815301076,1909f56bfc062723c751e8b465ee728b)
Start importing Assets/UI/fire_bar.png using Guid(f0c7fd8e19994be4cb9f1c65a6ecc197) Importer(815301076,1909f56bfc062723c751e8b465ee728b)  -> (artifact id: '3b6f7f3fb039abfdcc57717a5f042467') in 0.065782 seconds
  Import took 0.068876 seconds .

========================================================================
Received Import Request.
  Time since last request: 0.000217 seconds.
  path: Assets/UI/ice_icon.png
  artifactKey: Guid(21dbc7e353dd7774584f5e2d8d4fcd79) Importer(815301076,1909f56bfc062723c751e8b465ee728b)
Start importing Assets/UI/ice_icon.png using Guid(21dbc7e353dd7774584f5e2d8d4fcd79) Importer(815301076,1909f56bfc062723c751e8b465ee728b)  -> (artifact id: '3a5aaaeb90f0067aedd14b7adbe7eb41') in 0.006705 seconds
  Import took 0.009412 seconds .

========================================================================
Received Import Request.
  Time since last request: 0.000163 seconds.
  path: Assets/UI/ice_bar.png
  artifactKey: Guid(1fae64598127a754e91ab4c723be3e16) Importer(815301076,1909f56bfc062723c751e8b465ee728b)
Start importing Assets/UI/ice_bar.png using Guid(1fae64598127a754e91ab4c723be3e16) Importer(815301076,1909f56bfc062723c751e8b465ee728b)  -> (artifact id: 'b0ad7b216ea9324c9f9010fe1eff69bb') in 0.027908 seconds
  Import took 0.030725 seconds .

========================================================================
Received Import Request.
  Time since last request: 0.000264 seconds.
  path: Assets/UI/fire_icon.png
  artifactKey: Guid(c8b256ce76f63fe4cb73f55f7477159e) Importer(815301076,1909f56bfc062723c751e8b465ee728b)
Start importing Assets/UI/fire_icon.png using Guid(c8b256ce76f63fe4cb73f55f7477159e) Importer(815301076,1909f56bfc062723c751e8b465ee728b)  -> (artifact id: '91f0012ac881cd4c5862e5d43b18c8f9') in 0.015541 seconds
  Import took 0.018283 seconds .

========================================================================
Received Import Request.
  Time since last request: 56.253686 seconds.
  path: Assets/UI/fire_bar.png
  artifactKey: Guid(f0c7fd8e19994be4cb9f1c65a6ecc197) Importer(815301076,1909f56bfc062723c751e8b465ee728b)
Start importing Assets/UI/fire_bar.png using Guid(f0c7fd8e19994be4cb9f1c65a6ecc197) Importer(815301076,1909f56bfc062723c751e8b465ee728b)  -> (artifact id: '9b38e1f651b119a652e5f4a07433745c') in 0.031194 seconds
  Import took 0.034409 seconds .

========================================================================
Received Import Request.
  Time since last request: 0.000266 seconds.
  path: Assets/UI/ice_icon.png
  artifactKey: Guid(21dbc7e353dd7774584f5e2d8d4fcd79) Importer(815301076,1909f56bfc062723c751e8b465ee728b)
Start importing Assets/UI/ice_icon.png using Guid(21dbc7e353dd7774584f5e2d8d4fcd79) Importer(815301076,1909f56bfc062723c751e8b465ee728b)  -> (artifact id: 'f52574b166d329e7ed43be6964aed84f') in 0.005924 seconds
  Import took 0.008880 seconds .

========================================================================
Received Import Request.
  Time since last request: 0.000263 seconds.
  path: Assets/UI/ice_bar.png
  artifactKey: Guid(1fae64598127a754e91ab4c723be3e16) Importer(815301076,1909f56bfc062723c751e8b465ee728b)
Start importing Assets/UI/ice_bar.png using Guid(1fae64598127a754e91ab4c723be3e16) Importer(815301076,1909f56bfc062723c751e8b465ee728b)  -> (artifact id: 'd3d5c0399c35fab8110121c67e531a1c') in 0.005744 seconds
  Import took 0.008635 seconds .

========================================================================
Received Import Request.
  Time since last request: 0.000205 seconds.
  path: Assets/UI/fire_icon.png
  artifactKey: Guid(c8b256ce76f63fe4cb73f55f7477159e) Importer(815301076,1909f56bfc062723c751e8b465ee728b)
Start importing Assets/UI/fire_icon.png using Guid(c8b256ce76f63fe4cb73f55f7477159e) Importer(815301076,1909f56bfc062723c751e8b465ee728b)  -> (artifact id: 'dca255f627768933a1d1f48b0f0aface') in 0.006249 seconds
  Import took 0.009160 seconds .

========================================================================
Received Import Request.
  Time since last request: 10.433998 seconds.
  path: Assets/UI/fire_bar.png
  artifactKey: Guid(f0c7fd8e19994be4cb9f1c65a6ecc197) Importer(815301076,1909f56bfc062723c751e8b465ee728b)
Start importing Assets/UI/fire_bar.png using Guid(f0c7fd8e19994be4cb9f1c65a6ecc197) Importer(815301076,1909f56bfc062723c751e8b465ee728b)  -> (artifact id: '9b252ceff4e0a32d1e3a6973fa539afb') in 0.028644 seconds
  Import took 0.032033 seconds .

========================================================================
Received Import Request.
  Time since last request: 0.000223 seconds.
  path: Assets/UI/ice_icon.png
  artifactKey: Guid(21dbc7e353dd7774584f5e2d8d4fcd79) Importer(815301076,1909f56bfc062723c751e8b465ee728b)
Start importing Assets/UI/ice_icon.png using Guid(21dbc7e353dd7774584f5e2d8d4fcd79) Importer(815301076,1909f56bfc062723c751e8b465ee728b)  -> (artifact id: '13d63d70867dfc19affdb3e77b1a384e') in 0.009092 seconds
  Import took 0.012254 seconds .

========================================================================
Received Import Request.
  Time since last request: 0.000268 seconds.
  path: Assets/UI/ice_bar.png
  artifactKey: Guid(1fae64598127a754e91ab4c723be3e16) Importer(815301076,1909f56bfc062723c751e8b465ee728b)
Start importing Assets/UI/ice_bar.png using Guid(1fae64598127a754e91ab4c723be3e16) Importer(815301076,1909f56bfc062723c751e8b465ee728b)  -> (artifact id: '9597cab6e4b45b611cf80f8bcd74ae00') in 0.020590 seconds
  Import took 0.023695 seconds .

========================================================================
Received Import Request.
  Time since last request: 0.000223 seconds.
  path: Assets/UI/fire_icon.png
  artifactKey: Guid(c8b256ce76f63fe4cb73f55f7477159e) Importer(815301076,1909f56bfc062723c751e8b465ee728b)
Start importing Assets/UI/fire_icon.png using Guid(c8b256ce76f63fe4cb73f55f7477159e) Importer(815301076,1909f56bfc062723c751e8b465ee728b)  -> (artifact id: '83cc1d1a6f581c9dda571111a10a8c21') in 0.005520 seconds
  Import took 0.008470 seconds .

========================================================================
Received Prepare
Registering precompiled user dll's ...
Registered in 0.001128 seconds.
Begin MonoManager ReloadAssembly
Native extension for WindowsStandalone target not found
Refreshing native plugins compatible for Editor in 0.38 ms, found 0 plugins.
Preloading 0 native plugins for Editor in 0.00 ms.
Invoked RoslynAnalysisRunner static constructor.
RoslynAnalysisRunner will not be running.
RoslynAnalysisRunner has terminated.
Mono: successfully reloaded assembly
- Completed reload, in  0.670 seconds
Platform modules already initialized, skipping
Shader 'Universal Render Pipeline/Particles/Lit': fallback shader 'Universal Render Pipeline/Particles/SimpleLit' not found
Shader 'Universal Render Pipeline/Particles/Lit': fallback shader 'Universal Render Pipeline/Particles/SimpleLit' not found
Refreshing native plugins compatible for Editor in 0.34 ms, found 0 plugins.
Preloading 0 native plugins for Editor in 0.00 ms.
Unloading 2351 Unused Serialized files (Serialized files now loaded: 0)
System memory in use before: 113.4 MB.
System memory in use after: 111.0 MB.

Unloading 40 unused Assets to reduce memory usage. Loaded Objects now: 2865.
Total: 2.878200 ms (FindLiveObjects: 0.218000 ms CreateObjectMapping: 0.099700 ms MarkObjects: 1.534200 ms  DeleteObjects: 1.025400 ms)

========================================================================
Received Prepare
Registering precompiled user dll's ...
Registered in 0.180049 seconds.
Begin MonoManager ReloadAssembly
Native extension for WindowsStandalone target not found
Refreshing native plugins compatible for Editor in 0.36 ms, found 0 plugins.
Preloading 0 native plugins for Editor in 0.00 ms.
Invoked RoslynAnalysisRunner static constructor.
RoslynAnalysisRunner will not be running.
RoslynAnalysisRunner has terminated.
Mono: successfully reloaded assembly
- Completed reload, in  0.665 seconds
Platform modules already initialized, skipping
Shader 'Universal Render Pipeline/Particles/Lit': fallback shader 'Universal Render Pipeline/Particles/SimpleLit' not found
Shader 'Universal Render Pipeline/Particles/Lit': fallback shader 'Universal Render Pipeline/Particles/SimpleLit' not found
Refreshing native plugins compatible for Editor in 0.34 ms, found 0 plugins.
Preloading 0 native plugins for Editor in 0.00 ms.
Unloading 2351 Unused Serialized files (Serialized files now loaded: 0)
System memory in use before: 113.4 MB.
System memory in use after: 111.0 MB.

Unloading 40 unused Assets to reduce memory usage. Loaded Objects now: 2868.
Total: 3.247300 ms (FindLiveObjects: 0.322300 ms CreateObjectMapping: 0.121200 ms MarkObjects: 1.569800 ms  DeleteObjects: 1.233300 ms)

========================================================================
Received Prepare
Registering precompiled user dll's ...
Registered in 0.001145 seconds.
Begin MonoManager ReloadAssembly
Native extension for WindowsStandalone target not found
Refreshing native plugins compatible for Editor in 0.34 ms, found 0 plugins.
Preloading 0 native plugins for Editor in 0.00 ms.
Invoked RoslynAnalysisRunner static constructor.
RoslynAnalysisRunner will not be running.
RoslynAnalysisRunner has terminated.
Mono: successfully reloaded assembly
- Completed reload, in  0.655 seconds
Platform modules already initialized, skipping
Shader 'Universal Render Pipeline/Particles/Lit': fallback shader 'Universal Render Pipeline/Particles/SimpleLit' not found
Shader 'Universal Render Pipeline/Particles/Lit': fallback shader 'Universal Render Pipeline/Particles/SimpleLit' not found
Refreshing native plugins compatible for Editor in 0.32 ms, found 0 plugins.
Preloading 0 native plugins for Editor in 0.00 ms.
Unloading 2351 Unused Serialized files (Serialized files now loaded: 0)
System memory in use before: 113.5 MB.
System memory in use after: 111.0 MB.

Unloading 40 unused Assets to reduce memory usage. Loaded Objects now: 2871.
Total: 2.833100 ms (FindLiveObjects: 0.234700 ms CreateObjectMapping: 0.097500 ms MarkObjects: 1.358300 ms  DeleteObjects: 1.142000 ms)

========================================================================
Received Prepare
Registering precompiled user dll's ...
Registered in 0.001192 seconds.
Begin MonoManager ReloadAssembly
Native extension for WindowsStandalone target not found
Refreshing native plugins compatible for Editor in 0.34 ms, found 0 plugins.
Preloading 0 native plugins for Editor in 0.00 ms.
Invoked RoslynAnalysisRunner static constructor.
RoslynAnalysisRunner will not be running.
RoslynAnalysisRunner has terminated.
Mono: successfully reloaded assembly
- Completed reload, in  0.681 seconds
Platform modules already initialized, skipping
Shader 'Universal Render Pipeline/Particles/Lit': fallback shader 'Universal Render Pipeline/Particles/SimpleLit' not found
Shader 'Universal Render Pipeline/Particles/Lit': fallback shader 'Universal Render Pipeline/Particles/SimpleLit' not found
Refreshing native plugins compatible for Editor in 0.34 ms, found 0 plugins.
Preloading 0 native plugins for Editor in 0.00 ms.
Unloading 2351 Unused Serialized files (Serialized files now loaded: 0)
System memory in use before: 113.3 MB.
System memory in use after: 110.9 MB.

Unloading 40 unused Assets to reduce memory usage. Loaded Objects now: 2874.
Total: 3.062300 ms (FindLiveObjects: 0.257200 ms CreateObjectMapping: 0.107700 ms MarkObjects: 1.457700 ms  DeleteObjects: 1.238900 ms)

========================================================================
Received Prepare
Registering precompiled user dll's ...
Registered in 0.001255 seconds.
Begin MonoManager ReloadAssembly
Native extension for WindowsStandalone target not found
Refreshing native plugins compatible for Editor in 0.34 ms, found 0 plugins.
Preloading 0 native plugins for Editor in 0.00 ms.
Invoked RoslynAnalysisRunner static constructor.
RoslynAnalysisRunner will not be running.
RoslynAnalysisRunner has terminated.
Mono: successfully reloaded assembly
- Completed reload, in  0.665 seconds
Platform modules already initialized, skipping
Shader 'Universal Render Pipeline/Particles/Lit': fallback shader 'Universal Render Pipeline/Particles/SimpleLit' not found
Shader 'Universal Render Pipeline/Particles/Lit': fallback shader 'Universal Render Pipeline/Particles/SimpleLit' not found
Refreshing native plugins compatible for Editor in 0.35 ms, found 0 plugins.
Preloading 0 native plugins for Editor in 0.00 ms.
Unloading 2351 Unused Serialized files (Serialized files now loaded: 0)
System memory in use before: 113.4 MB.
System memory in use after: 111.0 MB.

Unloading 40 unused Assets to reduce memory usage. Loaded Objects now: 2877.
Total: 3.140100 ms (FindLiveObjects: 0.252400 ms CreateObjectMapping: 0.101600 ms MarkObjects: 1.612000 ms  DeleteObjects: 1.173200 ms)

========================================================================
Received Prepare
Registering precompiled user dll's ...
Registered in 0.001784 seconds.
Begin MonoManager ReloadAssembly
Native extension for WindowsStandalone target not found
Refreshing native plugins compatible for Editor in 0.35 ms, found 0 plugins.
Preloading 0 native plugins for Editor in 0.00 ms.
Invoked RoslynAnalysisRunner static constructor.
RoslynAnalysisRunner will not be running.
RoslynAnalysisRunner has terminated.
Mono: successfully reloaded assembly
- Completed reload, in  0.689 seconds
Platform modules already initialized, skipping
Shader 'Universal Render Pipeline/Particles/Lit': fallback shader 'Universal Render Pipeline/Particles/SimpleLit' not found
Shader 'Universal Render Pipeline/Particles/Lit': fallback shader 'Universal Render Pipeline/Particles/SimpleLit' not found
Refreshing native plugins compatible for Editor in 0.35 ms, found 0 plugins.
Preloading 0 native plugins for Editor in 0.00 ms.
Unloading 2351 Unused Serialized files (Serialized files now loaded: 0)
System memory in use before: 113.5 MB.
System memory in use after: 111.0 MB.

Unloading 40 unused Assets to reduce memory usage. Loaded Objects now: 2880.
Total: 3.260100 ms (FindLiveObjects: 0.289000 ms CreateObjectMapping: 0.124500 ms MarkObjects: 1.518200 ms  DeleteObjects: 1.327400 ms)

========================================================================
Received Prepare
Registering precompiled user dll's ...
Registered in 0.001142 seconds.
Begin MonoManager ReloadAssembly
Native extension for WindowsStandalone target not found
Refreshing native plugins compatible for Editor in 0.34 ms, found 0 plugins.
Preloading 0 native plugins for Editor in 0.00 ms.
Invoked RoslynAnalysisRunner static constructor.
RoslynAnalysisRunner will not be running.
RoslynAnalysisRunner has terminated.
Mono: successfully reloaded assembly
- Completed reload, in  0.663 seconds
Platform modules already initialized, skipping
Shader 'Universal Render Pipeline/Particles/Lit': fallback shader 'Universal Render Pipeline/Particles/SimpleLit' not found
Shader 'Universal Render Pipeline/Particles/Lit': fallback shader 'Universal Render Pipeline/Particles/SimpleLit' not found
Refreshing native plugins compatible for Editor in 0.34 ms, found 0 plugins.
Preloading 0 native plugins for Editor in 0.00 ms.
Unloading 2351 Unused Serialized files (Serialized files now loaded: 0)
System memory in use before: 113.5 MB.
System memory in use after: 111.0 MB.

Unloading 40 unused Assets to reduce memory usage. Loaded Objects now: 2883.
Total: 3.239900 ms (FindLiveObjects: 0.288700 ms CreateObjectMapping: 0.096900 ms MarkObjects: 1.653400 ms  DeleteObjects: 1.200300 ms)

========================================================================
Received Prepare
Registering precompiled user dll's ...
Registered in 0.001194 seconds.
Begin MonoManager ReloadAssembly
Native extension for WindowsStandalone target not found
Refreshing native plugins compatible for Editor in 0.35 ms, found 0 plugins.
Preloading 0 native plugins for Editor in 0.00 ms.
Invoked RoslynAnalysisRunner static constructor.
RoslynAnalysisRunner will not be running.
RoslynAnalysisRunner has terminated.
Mono: successfully reloaded assembly
- Completed reload, in  0.661 seconds
Platform modules already initialized, skipping
Shader 'Universal Render Pipeline/Particles/Lit': fallback shader 'Universal Render Pipeline/Particles/SimpleLit' not found
Shader 'Universal Render Pipeline/Particles/Lit': fallback shader 'Universal Render Pipeline/Particles/SimpleLit' not found
Refreshing native plugins compatible for Editor in 0.33 ms, found 0 plugins.
Preloading 0 native plugins for Editor in 0.00 ms.
Unloading 2351 Unused Serialized files (Serialized files now loaded: 0)
System memory in use before: 113.5 MB.
System memory in use after: 111.0 MB.

Unloading 40 unused Assets to reduce memory usage. Loaded Objects now: 2886.
Total: 3.773100 ms (FindLiveObjects: 0.276600 ms CreateObjectMapping: 0.118900 ms MarkObjects: 1.799900 ms  DeleteObjects: 1.576900 ms)

========================================================================
Received Prepare
Registering precompiled user dll's ...
Registered in 0.001152 seconds.
Begin MonoManager ReloadAssembly
Native extension for WindowsStandalone target not found
Refreshing native plugins compatible for Editor in 0.35 ms, found 0 plugins.
Preloading 0 native plugins for Editor in 0.00 ms.
Invoked RoslynAnalysisRunner static constructor.
RoslynAnalysisRunner will not be running.
RoslynAnalysisRunner has terminated.
Mono: successfully reloaded assembly
- Completed reload, in  0.659 seconds
Platform modules already initialized, skipping
Shader 'Universal Render Pipeline/Particles/Lit': fallback shader 'Universal Render Pipeline/Particles/SimpleLit' not found
Shader 'Universal Render Pipeline/Particles/Lit': fallback shader 'Universal Render Pipeline/Particles/SimpleLit' not found
Refreshing native plugins compatible for Editor in 0.36 ms, found 0 plugins.
Preloading 0 native plugins for Editor in 0.00 ms.
Unloading 2351 Unused Serialized files (Serialized files now loaded: 0)
System memory in use before: 113.4 MB.
System memory in use after: 110.9 MB.

Unloading 40 unused Assets to reduce memory usage. Loaded Objects now: 2889.
Total: 2.875300 ms (FindLiveObjects: 0.230400 ms CreateObjectMapping: 0.094700 ms MarkObjects: 1.365400 ms  DeleteObjects: 1.183900 ms)

========================================================================
Received Prepare
Registering precompiled user dll's ...
Registered in 0.001165 seconds.
Begin MonoManager ReloadAssembly
Native extension for WindowsStandalone target not found
Refreshing native plugins compatible for Editor in 0.35 ms, found 0 plugins.
Preloading 0 native plugins for Editor in 0.00 ms.
Invoked RoslynAnalysisRunner static constructor.
RoslynAnalysisRunner will not be running.
RoslynAnalysisRunner has terminated.
Mono: successfully reloaded assembly
- Completed reload, in  0.657 seconds
Platform modules already initialized, skipping
Shader 'Universal Render Pipeline/Particles/Lit': fallback shader 'Universal Render Pipeline/Particles/SimpleLit' not found
Shader 'Universal Render Pipeline/Particles/Lit': fallback shader 'Universal Render Pipeline/Particles/SimpleLit' not found
Refreshing native plugins compatible for Editor in 0.34 ms, found 0 plugins.
Preloading 0 native plugins for Editor in 0.00 ms.
Unloading 2351 Unused Serialized files (Serialized files now loaded: 0)
System memory in use before: 113.5 MB.
System memory in use after: 111.0 MB.

Unloading 40 unused Assets to reduce memory usage. Loaded Objects now: 2892.
Total: 2.844100 ms (FindLiveObjects: 0.233800 ms CreateObjectMapping: 0.097300 ms MarkObjects: 1.304700 ms  DeleteObjects: 1.207600 ms)

========================================================================
Received Prepare
Registering precompiled user dll's ...
Registered in 0.001189 seconds.
Begin MonoManager ReloadAssembly
Native extension for WindowsStandalone target not found
Refreshing native plugins compatible for Editor in 0.34 ms, found 0 plugins.
Preloading 0 native plugins for Editor in 0.00 ms.
Invoked RoslynAnalysisRunner static constructor.
RoslynAnalysisRunner will not be running.
RoslynAnalysisRunner has terminated.
Mono: successfully reloaded assembly
- Completed reload, in  0.658 seconds
Platform modules already initialized, skipping
Shader 'Universal Render Pipeline/Particles/Lit': fallback shader 'Universal Render Pipeline/Particles/SimpleLit' not found
Shader 'Universal Render Pipeline/Particles/Lit': fallback shader 'Universal Render Pipeline/Particles/SimpleLit' not found
Refreshing native plugins compatible for Editor in 0.35 ms, found 0 plugins.
Preloading 0 native plugins for Editor in 0.00 ms.
Unloading 2351 Unused Serialized files (Serialized files now loaded: 0)
System memory in use before: 113.6 MB.
System memory in use after: 111.0 MB.

Unloading 40 unused Assets to reduce memory usage. Loaded Objects now: 2895.
Total: 4.311300 ms (FindLiveObjects: 0.445700 ms CreateObjectMapping: 0.207900 ms MarkObjects: 2.162700 ms  DeleteObjects: 1.494300 ms)

========================================================================
Received Prepare
Registering precompiled user dll's ...
Registered in 0.001157 seconds.
Begin MonoManager ReloadAssembly
Native extension for WindowsStandalone target not found
Refreshing native plugins compatible for Editor in 0.34 ms, found 0 plugins.
Preloading 0 native plugins for Editor in 0.00 ms.
Invoked RoslynAnalysisRunner static constructor.
RoslynAnalysisRunner will not be running.
RoslynAnalysisRunner has terminated.
Mono: successfully reloaded assembly
- Completed reload, in  0.666 seconds
Platform modules already initialized, skipping
Shader 'Universal Render Pipeline/Particles/Lit': fallback shader 'Universal Render Pipeline/Particles/SimpleLit' not found
Shader 'Universal Render Pipeline/Particles/Lit': fallback shader 'Universal Render Pipeline/Particles/SimpleLit' not found
Refreshing native plugins compatible for Editor in 0.35 ms, found 0 plugins.
Preloading 0 native plugins for Editor in 0.00 ms.
Unloading 2351 Unused Serialized files (Serialized files now loaded: 0)
System memory in use before: 113.5 MB.
System memory in use after: 111.0 MB.

Unloading 40 unused Assets to reduce memory usage. Loaded Objects now: 2898.
Total: 3.018600 ms (FindLiveObjects: 0.284100 ms CreateObjectMapping: 0.115800 ms MarkObjects: 1.438300 ms  DeleteObjects: 1.179400 ms)

========================================================================
Received Prepare
Registering precompiled user dll's ...
Registered in 0.001564 seconds.
Begin MonoManager ReloadAssembly
Native extension for WindowsStandalone target not found
Refreshing native plugins compatible for Editor in 0.35 ms, found 0 plugins.
Preloading 0 native plugins for Editor in 0.00 ms.
Invoked RoslynAnalysisRunner static constructor.
RoslynAnalysisRunner will not be running.
RoslynAnalysisRunner has terminated.
Mono: successfully reloaded assembly
- Completed reload, in  0.668 seconds
Platform modules already initialized, skipping
Shader 'Universal Render Pipeline/Particles/Lit': fallback shader 'Universal Render Pipeline/Particles/SimpleLit' not found
Shader 'Universal Render Pipeline/Particles/Lit': fallback shader 'Universal Render Pipeline/Particles/SimpleLit' not found
Refreshing native plugins compatible for Editor in 0.35 ms, found 0 plugins.
Preloading 0 native plugins for Editor in 0.00 ms.
Unloading 2351 Unused Serialized files (Serialized files now loaded: 0)
System memory in use before: 113.6 MB.
System memory in use after: 111.0 MB.

Unloading 40 unused Assets to reduce memory usage. Loaded Objects now: 2901.
Total: 3.065400 ms (FindLiveObjects: 0.348400 ms CreateObjectMapping: 0.156900 ms MarkObjects: 1.361400 ms  DeleteObjects: 1.197700 ms)

========================================================================
Received Prepare
Registering precompiled user dll's ...
Registered in 0.001189 seconds.
Begin MonoManager ReloadAssembly
Native extension for WindowsStandalone target not found
Refreshing native plugins compatible for Editor in 0.36 ms, found 0 plugins.
Preloading 0 native plugins for Editor in 0.00 ms.
Invoked RoslynAnalysisRunner static constructor.
RoslynAnalysisRunner will not be running.
RoslynAnalysisRunner has terminated.
Mono: successfully reloaded assembly
- Completed reload, in  0.665 seconds
Platform modules already initialized, skipping
Shader 'Universal Render Pipeline/Particles/Lit': fallback shader 'Universal Render Pipeline/Particles/SimpleLit' not found
Shader 'Universal Render Pipeline/Particles/Lit': fallback shader 'Universal Render Pipeline/Particles/SimpleLit' not found
Refreshing native plugins compatible for Editor in 0.35 ms, found 0 plugins.
Preloading 0 native plugins for Editor in 0.00 ms.
Unloading 2351 Unused Serialized files (Serialized files now loaded: 0)
System memory in use before: 113.4 MB.
System memory in use after: 111.0 MB.

Unloading 40 unused Assets to reduce memory usage. Loaded Objects now: 2904.
Total: 3.104300 ms (FindLiveObjects: 0.356900 ms CreateObjectMapping: 0.101000 ms MarkObjects: 1.464600 ms  DeleteObjects: 1.181300 ms)

========================================================================
Received Import Request.
  Time since last request: 4202.564367 seconds.
  path: Packages/com.unity.mathematics/package.json
  artifactKey: Guid(d34d0af25c21141a98c0cf3c0066444f) Importer(815301076,1909f56bfc062723c751e8b465ee728b)
Start importing Packages/com.unity.mathematics/package.json using Guid(d34d0af25c21141a98c0cf3c0066444f) Importer(815301076,1909f56bfc062723c751e8b465ee728b)  -> (artifact id: '9f7e2370fde454b7883a886ee0ee79dc') in 0.014507 seconds
  Import took 0.018236 seconds .

========================================================================
Received Import Request.
  Time since last request: 1.333771 seconds.
  path: Packages/com.unity.searcher/package.json
  artifactKey: Guid(86b0e09d2fd75564f90fbc601e1eec6b) Importer(815301076,1909f56bfc062723c751e8b465ee728b)
Start importing Packages/com.unity.searcher/package.json using Guid(86b0e09d2fd75564f90fbc601e1eec6b) Importer(815301076,1909f56bfc062723c751e8b465ee728b)  -> (artifact id: '34e0ab0cace898ef01ccabc9a6f1a51b') in 0.004325 seconds
  Import took 0.007322 seconds .

========================================================================
Received Import Request.
  Time since last request: 1.997229 seconds.
  path: Packages/com.unity.shadergraph/package.json
  artifactKey: Guid(d5ac453c34e359d439de9d724772ed3d) Importer(815301076,1909f56bfc062723c751e8b465ee728b)
Start importing Packages/com.unity.shadergraph/package.json using Guid(d5ac453c34e359d439de9d724772ed3d) Importer(815301076,1909f56bfc062723c751e8b465ee728b)  -> (artifact id: '9ace16d3d9b727edea5bf8bbc1389106') in 0.009116 seconds
  Import took 0.012332 seconds .

========================================================================
Received Import Request.
  Time since last request: 1.233943 seconds.
  path: Packages/com.unity.test-framework/package.json
  artifactKey: Guid(d6a2e6e4803de7b43baacdc355fc144d) Importer(815301076,1909f56bfc062723c751e8b465ee728b)
Start importing Packages/com.unity.test-framework/package.json using Guid(d6a2e6e4803de7b43baacdc355fc144d) Importer(815301076,1909f56bfc062723c751e8b465ee728b)  -> (artifact id: '444cba289930d50b23b2d6a3ef652faf') in 0.010094 seconds
  Import took 0.013233 seconds .

========================================================================
Received Import Request.
  Time since last request: 0.967680 seconds.
  path: Packages/com.unity.textmeshpro/package.json
  artifactKey: Guid(220e9325710f4235a43492dd1ee4980d) Importer(815301076,1909f56bfc062723c751e8b465ee728b)
Start importing Packages/com.unity.textmeshpro/package.json using Guid(220e9325710f4235a43492dd1ee4980d) Importer(815301076,1909f56bfc062723c751e8b465ee728b)  -> (artifact id: '6e963a0a4e93f32e0acb0d9f0ae038c3') in 0.002588 seconds
  Import took 0.005550 seconds .

========================================================================
Received Prepare
Registering precompiled user dll's ...
Registered in 0.001323 seconds.
Begin MonoManager ReloadAssembly
Native extension for WindowsStandalone target not found
Refreshing native plugins compatible for Editor in 0.33 ms, found 0 plugins.
Preloading 0 native plugins for Editor in 0.00 ms.
Invoked RoslynAnalysisRunner static constructor.
RoslynAnalysisRunner will not be running.
RoslynAnalysisRunner has terminated.
Mono: successfully reloaded assembly
- Completed reload, in  0.660 seconds
Platform modules already initialized, skipping
Shader 'Universal Render Pipeline/Particles/Lit': fallback shader 'Universal Render Pipeline/Particles/SimpleLit' not found
Shader 'Universal Render Pipeline/Particles/Lit': fallback shader 'Universal Render Pipeline/Particles/SimpleLit' not found
Refreshing native plugins compatible for Editor in 0.45 ms, found 0 plugins.
Preloading 0 native plugins for Editor in 0.00 ms.
Unloading 2351 Unused Serialized files (Serialized files now loaded: 0)
System memory in use before: 113.5 MB.
System memory in use after: 111.1 MB.

Unloading 40 unused Assets to reduce memory usage. Loaded Objects now: 2907.
Total: 2.920500 ms (FindLiveObjects: 0.239000 ms CreateObjectMapping: 0.101900 ms MarkObjects: 1.401300 ms  DeleteObjects: 1.177700 ms)

========================================================================
Received Prepare
Registering precompiled user dll's ...
Registered in 0.001349 seconds.
Begin MonoManager ReloadAssembly
Native extension for WindowsStandalone target not found
Refreshing native plugins compatible for Editor in 0.37 ms, found 0 plugins.
Preloading 0 native plugins for Editor in 0.00 ms.
Invoked RoslynAnalysisRunner static constructor.
RoslynAnalysisRunner will not be running.
RoslynAnalysisRunner has terminated.
Mono: successfully reloaded assembly
- Completed reload, in  0.668 seconds
Platform modules already initialized, skipping
Shader 'Universal Render Pipeline/Particles/Lit': fallback shader 'Universal Render Pipeline/Particles/SimpleLit' not found
Shader 'Universal Render Pipeline/Particles/Lit': fallback shader 'Universal Render Pipeline/Particles/SimpleLit' not found
Refreshing native plugins compatible for Editor in 0.36 ms, found 0 plugins.
Preloading 0 native plugins for Editor in 0.00 ms.
Unloading 2351 Unused Serialized files (Serialized files now loaded: 0)
System memory in use before: 113.5 MB.
System memory in use after: 111.1 MB.

Unloading 40 unused Assets to reduce memory usage. Loaded Objects now: 2910.
Total: 3.875100 ms (FindLiveObjects: 0.374900 ms CreateObjectMapping: 0.176000 ms MarkObjects: 1.885500 ms  DeleteObjects: 1.437700 ms)

========================================================================
Received Prepare
Registering precompiled user dll's ...
Registered in 0.001156 seconds.
Begin MonoManager ReloadAssembly
Native extension for WindowsStandalone target not found
Refreshing native plugins compatible for Editor in 0.34 ms, found 0 plugins.
Preloading 0 native plugins for Editor in 0.00 ms.
Invoked RoslynAnalysisRunner static constructor.
RoslynAnalysisRunner will not be running.
RoslynAnalysisRunner has terminated.
Mono: successfully reloaded assembly
- Completed reload, in  0.661 seconds
Platform modules already initialized, skipping
Shader 'Universal Render Pipeline/Particles/Lit': fallback shader 'Universal Render Pipeline/Particles/SimpleLit' not found
Shader 'Universal Render Pipeline/Particles/Lit': fallback shader 'Universal Render Pipeline/Particles/SimpleLit' not found
Refreshing native plugins compatible for Editor in 0.35 ms, found 0 plugins.
Preloading 0 native plugins for Editor in 0.00 ms.
Unloading 2351 Unused Serialized files (Serialized files now loaded: 0)
System memory in use before: 113.6 MB.
System memory in use after: 111.1 MB.

Unloading 40 unused Assets to reduce memory usage. Loaded Objects now: 2913.
Total: 2.844100 ms (FindLiveObjects: 0.231400 ms CreateObjectMapping: 0.090000 ms MarkObjects: 1.343600 ms  DeleteObjects: 1.178200 ms)

========================================================================
Received Prepare
Registering precompiled user dll's ...
Registered in 0.001143 seconds.
Begin MonoManager ReloadAssembly
Native extension for WindowsStandalone target not found
Refreshing native plugins compatible for Editor in 0.55 ms, found 0 plugins.
Preloading 0 native plugins for Editor in 0.00 ms.
Invoked RoslynAnalysisRunner static constructor.
RoslynAnalysisRunner will not be running.
RoslynAnalysisRunner has terminated.
Mono: successfully reloaded assembly
- Completed reload, in  0.709 seconds
Platform modules already initialized, skipping
Shader 'Universal Render Pipeline/Particles/Lit': fallback shader 'Universal Render Pipeline/Particles/SimpleLit' not found
Shader 'Universal Render Pipeline/Particles/Lit': fallback shader 'Universal Render Pipeline/Particles/SimpleLit' not found
Refreshing native plugins compatible for Editor in 0.35 ms, found 0 plugins.
Preloading 0 native plugins for Editor in 0.00 ms.
Unloading 2351 Unused Serialized files (Serialized files now loaded: 0)
System memory in use before: 113.5 MB.
System memory in use after: 111.1 MB.

Unloading 40 unused Assets to reduce memory usage. Loaded Objects now: 2916.
Total: 3.314200 ms (FindLiveObjects: 0.287100 ms CreateObjectMapping: 0.117300 ms MarkObjects: 1.667700 ms  DeleteObjects: 1.241000 ms)

========================================================================
Received Import Request.
  Time since last request: 1671.196513 seconds.
  path: Assets/TextMesh Pro/Resources/Fonts & Materials/LiberationSans SDF - Drop Shadow.mat
  artifactKey: Guid(e73a58f6e2794ae7b1b7e50b7fb811b0) Importer(815301076,1909f56bfc062723c751e8b465ee728b)
Start importing Assets/TextMesh Pro/Resources/Fonts & Materials/LiberationSans SDF - Drop Shadow.mat using Guid(e73a58f6e2794ae7b1b7e50b7fb811b0) Importer(815301076,1909f56bfc062723c751e8b465ee728b)  -> (artifact id: 'ffeae75aee541def6d1622b9a4975b92') in 0.293553 seconds
  Import took 0.297849 seconds .

========================================================================
Received Import Request.
  Time since last request: 0.000309 seconds.
  path: Assets/TextMesh Pro/Resources/Fonts & Materials/LiberationSans SDF - Outline.mat
  artifactKey: Guid(79459efec17a4d00a321bdcc27bbc385) Importer(815301076,1909f56bfc062723c751e8b465ee728b)
Start importing Assets/TextMesh Pro/Resources/Fonts & Materials/LiberationSans SDF - Outline.mat using Guid(79459efec17a4d00a321bdcc27bbc385) Importer(815301076,1909f56bfc062723c751e8b465ee728b)  -> (artifact id: '1097393ed4d445f07c25c95225ba6986') in 0.078390 seconds
  Import took 0.082630 seconds .

========================================================================
Received Import Request.
  Time since last request: 0.000218 seconds.
  path: Assets/TextMesh Pro/Resources/Fonts & Materials/LiberationSans SDF - Fallback.asset
  artifactKey: Guid(2e498d1c8094910479dc3e1b768306a4) Importer(815301076,1909f56bfc062723c751e8b465ee728b)
Start importing Assets/TextMesh Pro/Resources/Fonts & Materials/LiberationSans SDF - Fallback.asset using Guid(2e498d1c8094910479dc3e1b768306a4) Importer(815301076,1909f56bfc062723c751e8b465ee728b)  -> (artifact id: '6559e14c42cbdfcc204ad76563329664') in 0.044959 seconds
  Import took 0.049117 seconds .

========================================================================
Received Import Request.
  Time since last request: 0.000215 seconds.
  path: Assets/TextMesh Pro/Resources/Fonts & Materials/LiberationSans SDF - Drop Shadow.mat
  artifactKey: Guid(e73a58f6e2794ae7b1b7e50b7fb811b0) Importer(815301076,1909f56bfc062723c751e8b465ee728b)
Start importing Assets/TextMesh Pro/Resources/Fonts & Materials/LiberationSans SDF - Drop Shadow.mat using Guid(e73a58f6e2794ae7b1b7e50b7fb811b0) Importer(815301076,1909f56bfc062723c751e8b465ee728b)  -> (artifact id: 'ffeae75aee541def6d1622b9a4975b92') in 0.025670 seconds
  Import took 0.029831 seconds .

========================================================================
Received Import Request.
  Time since last request: 0.000211 seconds.
  path: Assets/TextMesh Pro/Resources/Fonts & Materials/LiberationSans SDF.asset
  artifactKey: Guid(8f586378b4e144a9851e7b34d9b748ee) Importer(815301076,1909f56bfc062723c751e8b465ee728b)
Start importing Assets/TextMesh Pro/Resources/Fonts & Materials/LiberationSans SDF.asset using Guid(8f586378b4e144a9851e7b34d9b748ee) Importer(815301076,1909f56bfc062723c751e8b465ee728b)  -> (artifact id: 'b1f3c33bfdf6e39912acd176c7c2c6c3') in 0.034368 seconds
  Import took 0.038420 seconds .

========================================================================
Received Import Request.
  Time since last request: 5.894001 seconds.
  path: Assets/TextMesh Pro/Resources/Fonts & Materials
  artifactKey: Guid(731f1baa9d144a9897cb1d341c2092b8) Importer(815301076,1909f56bfc062723c751e8b465ee728b)
Start importing Assets/TextMesh Pro/Resources/Fonts & Materials using Guid(731f1baa9d144a9897cb1d341c2092b8) Importer(815301076,1909f56bfc062723c751e8b465ee728b)  -> (artifact id: '8270544067666dc12f9f41acb1c6c6ce') in 0.001944 seconds
  Import took 0.005958 seconds .

AssetImportWorkerClient::OnTransportError - code=2 error=End of file
